2026-01-21 22:03:52,318 - __main__ - INFO - ======================================================================
2026-01-21 22:03:52,318 - __main__ - INFO - IMPORT WORKFLOW GESTART
2026-01-21 22:03:52,318 - __main__ - INFO - ======================================================================
2026-01-21 22:03:52,319 - __main__ - INFO - ✓ Proces geladen: procesbeschrijving/process_sanering.json
2026-01-21 22:03:52,320 - __main__ - INFO - ✓ Schema gevalideerd: procesbeschrijving/process_schema.json
2026-01-21 22:03:52,320 - src.importer.mapper - INFO - Proces gemapt: proces-sanering - Sanering
2026-01-21 22:03:52,330 - src.importer.mapper - INFO - ✓ Proces gemapt naar 1 root topic met 2 kinderen
2026-01-21 22:03:52,331 - root - INFO - Controleren of proces 'proces-sanering' al bestaat...
2026-01-21 22:03:52,337 - root - INFO - Proces 'proces-sanering' gevonden. Verwijderen inclusief alle child topics...
2026-01-21 22:03:52,371 - root - INFO - ✓ Proces 'proces-sanering' en alle child topics succesvol verwijderd
2026-01-21 22:03:52,371 - src.importer.importer - INFO - Import gestart van 1 root topic(s)
2026-01-21 22:03:52,374 - src.importer.importer - INFO - ✓ Topic aangemaakt: Sanering
2026-01-21 22:03:52,377 - src.importer.importer - INFO -   ✓ Topic aangemaakt: Selecteer Zaak
2026-01-21 22:03:52,380 - src.importer.importer - INFO -     ✓ Topic aangemaakt: Stap 1 – Open postbak in WAB
2026-01-21 22:03:52,383 - src.importer.importer - INFO -       ✓ Topic aangemaakt: Ga naar de WAB-Post omgeving
2026-01-21 22:03:52,387 - src.importer.importer - INFO -     ✓ Topic aangemaakt: Stap 2 – Selecteer alleen kwijtscheldings / saneringsverzoeken
2026-01-21 22:03:52,390 - src.importer.importer - INFO -       ✓ Topic aangemaakt: Todo
2026-01-21 22:03:52,393 - src.importer.importer - INFO -       ✓ Topic aangemaakt: Todo
2026-01-21 22:03:52,398 - src.importer.importer - INFO -     ✓ Topic aangemaakt: Stap 3 – In behandeling nemen poststuk saneringen
2026-01-21 22:03:52,400 - src.importer.importer - INFO -       ✓ Topic aangemaakt: Todo
2026-01-21 22:03:52,404 - src.importer.importer - INFO -     ✓ Topic aangemaakt: Stap 4 – Controleer taken op je naam
2026-01-21 22:03:52,406 - src.importer.importer - INFO -       ✓ Topic aangemaakt: Todo
2026-01-21 22:03:52,410 - src.importer.importer - INFO -   ✓ Topic aangemaakt: Quick scan verzoek
2026-01-21 22:03:52,412 - src.importer.importer - INFO -     ✓ Topic aangemaakt: Stap 1– Check op vermogensbestanddelen
2026-01-21 22:03:52,415 - src.importer.importer - INFO -       ✓ Topic aangemaakt: Check op vermogensbestanddelen
2026-01-21 22:03:52,416 - src.importer.importer - INFO - Import succesvol voltooid
2026-01-21 22:03:52,416 - __main__ - INFO - 
Export van alle content...
2026-01-21 22:03:52,420 - __main__ - INFO - ✓ Export opgeslagen: C:\Users\arieb\CascadeProjects\digitalecoach_client\log\export_20260121_220352.json
2026-01-21 22:03:52,420 - __main__ - INFO - 
======================================================================
2026-01-21 22:03:52,420 - __main__ - INFO - IMPORT SUCCESVOL VOLTOOID!
2026-01-21 22:03:52,420 - __main__ - INFO - ======================================================================
2026-01-21 22:03:52,420 - __main__ - INFO - Log file: C:\Users\arieb\CascadeProjects\digitalecoach_client\log\import_20260121_220352.log
2026-01-21 22:03:52,420 - __main__ - INFO - Export file: C:\Users\arieb\CascadeProjects\digitalecoach_client\log\export_20260121_220352.json
2026-01-21 22:03:52,420 - __main__ - INFO - Topics geïmporteerd: 14
2026-01-21 22:03:52,420 - __main__ - INFO - ======================================================================
