2026-01-22 09:35:40,231 - __main__ - INFO - ======================================================================
2026-01-22 09:35:40,231 - __main__ - INFO - IMPORT WORKFLOW GESTART
2026-01-22 09:35:40,231 - __main__ - INFO - ======================================================================
2026-01-22 09:35:40,232 - __main__ - INFO - ✓ Proces geladen: procesbeschrijving/process_sanering.json
2026-01-22 09:35:40,236 - __main__ - INFO - ✓ Schema gevalideerd: procesbeschrijving/process_schema.json
2026-01-22 09:35:40,236 - src.importer.mapper - INFO - Proces gemapt: proces-sanering - Sanering
2026-01-22 09:35:40,247 - src.importer.mapper - INFO - ✓ Proces gemapt naar 1 root topic met 2 kinderen
2026-01-22 09:35:40,249 - root - INFO - Controleren of proces 'proces-sanering' al bestaat...
2026-01-22 09:35:40,259 - root - INFO - Proces 'proces-sanering' gevonden. Verwijderen inclusief alle child topics...
2026-01-22 09:35:40,325 - root - INFO - ✓ Proces 'proces-sanering' en alle child topics succesvol verwijderd
2026-01-22 09:35:40,326 - src.importer.importer - INFO - Import gestart van 1 root topic(s)
2026-01-22 09:35:40,329 - src.importer.importer - INFO - ✓ Topic aangemaakt: Sanering
2026-01-22 09:35:40,333 - src.importer.importer - INFO -   ✓ Topic aangemaakt: Selecteer Zaak
2026-01-22 09:35:40,336 - src.importer.importer - INFO -     ✓ Topic aangemaakt: Stap 1 – Open postbak in WAB
2026-01-22 09:35:40,340 - src.importer.importer - INFO -       ✓ Topic aangemaakt: Ga naar de WAB-Post omgeving
2026-01-22 09:35:40,345 - src.importer.importer - INFO -     ✓ Topic aangemaakt: Stap 2 – Selecteer alleen kwijtscheldings / saneringsverzoeken
2026-01-22 09:35:40,350 - src.importer.importer - INFO -       ✓ Topic aangemaakt: Todo
2026-01-22 09:35:40,356 - src.importer.importer - INFO -       ✓ Topic aangemaakt: Todo
2026-01-22 09:35:40,365 - src.importer.importer - INFO -     ✓ Topic aangemaakt: Stap 3 – In behandeling nemen poststuk saneringen
2026-01-22 09:35:40,373 - src.importer.importer - INFO -       ✓ Topic aangemaakt: Todo
2026-01-22 09:35:40,379 - src.importer.importer - INFO -     ✓ Topic aangemaakt: Stap 4 – Controleer taken op je naam
2026-01-22 09:35:40,383 - src.importer.importer - INFO -       ✓ Topic aangemaakt: Todo
2026-01-22 09:35:40,388 - src.importer.importer - INFO -   ✓ Topic aangemaakt: Quick scan verzoek
2026-01-22 09:35:40,391 - src.importer.importer - INFO -     ✓ Topic aangemaakt: Stap 1– Check op vermogensbestanddelen
2026-01-22 09:35:40,394 - src.importer.importer - INFO -       ✓ Topic aangemaakt: Check op vermogensbestanddelen
2026-01-22 09:35:40,395 - src.importer.importer - INFO - Import succesvol voltooid
2026-01-22 09:35:40,396 - __main__ - INFO - 
Export van alle content...
2026-01-22 09:35:40,401 - __main__ - INFO - ✓ Export opgeslagen: C:\Users\arieb\CascadeProjects\digitalecoach_client\log\export_20260122_093540.json
2026-01-22 09:35:40,402 - __main__ - INFO - 
======================================================================
2026-01-22 09:35:40,402 - __main__ - INFO - IMPORT SUCCESVOL VOLTOOID!
2026-01-22 09:35:40,402 - __main__ - INFO - ======================================================================
2026-01-22 09:35:40,402 - __main__ - INFO - Log file: C:\Users\arieb\CascadeProjects\digitalecoach_client\log\import_20260122_093540.log
2026-01-22 09:35:40,402 - __main__ - INFO - Export file: C:\Users\arieb\CascadeProjects\digitalecoach_client\log\export_20260122_093540.json
2026-01-22 09:35:40,402 - __main__ - INFO - Topics geïmporteerd: 14
2026-01-22 09:35:40,402 - __main__ - INFO - ======================================================================
