2026-01-21 21:14:53,472 - __main__ - INFO - ======================================================================
2026-01-21 21:14:53,472 - __main__ - INFO - IMPORT WORKFLOW GESTART
2026-01-21 21:14:53,472 - __main__ - INFO - ======================================================================
2026-01-21 21:14:53,473 - __main__ - INFO - ✓ Proces geladen: procesbeschrijving/process_sanering.json
2026-01-21 21:14:53,475 - __main__ - INFO - ✓ Schema gevalideerd: procesbeschrijving/process_schema.json
2026-01-21 21:14:53,475 - src.importer.mapper - INFO - Proces gemapt: proces-sanering - Sanering
2026-01-21 21:14:53,484 - src.importer.mapper - INFO - ✓ Proces gemapt naar 1 root topic met 2 kinderen
2026-01-21 21:14:53,487 - root - INFO - Controleren of proces 'proces-sanering' al bestaat...
2026-01-21 21:14:53,492 - root - INFO - Proces 'proces-sanering' gevonden. Verwijderen inclusief alle child topics...
2026-01-21 21:14:53,535 - root - INFO - ✓ Proces 'proces-sanering' en alle child topics succesvol verwijderd
2026-01-21 21:14:53,535 - src.importer.importer - INFO - Import gestart van 1 root topic(s)
2026-01-21 21:14:53,538 - src.importer.importer - INFO - ✓ Topic aangemaakt: Sanering
2026-01-21 21:14:53,541 - src.importer.importer - INFO -   ✓ Topic aangemaakt: Selecteer Zaak
2026-01-21 21:14:53,544 - src.importer.importer - INFO -     ✓ Topic aangemaakt: Stap 1 – Open postbak in WAB
2026-01-21 21:14:53,547 - src.importer.importer - INFO -       ✓ Topic aangemaakt: Ga naar de WAB-Post omgeving
2026-01-21 21:14:53,551 - src.importer.importer - INFO -     ✓ Topic aangemaakt: Stap 2 – Selecteer alleen kwijtscheldings / saneringsverzoeken
2026-01-21 21:14:53,554 - src.importer.importer - INFO -       ✓ Topic aangemaakt: Todo
2026-01-21 21:14:53,558 - src.importer.importer - INFO -       ✓ Topic aangemaakt: Todo
2026-01-21 21:14:53,562 - src.importer.importer - INFO -     ✓ Topic aangemaakt: Stap 3 – In behandeling nemen poststuk saneringen
2026-01-21 21:14:53,565 - src.importer.importer - INFO -       ✓ Topic aangemaakt: Todo
2026-01-21 21:14:53,571 - src.importer.importer - INFO -     ✓ Topic aangemaakt: Stap 4 – Controleer taken op je naam
2026-01-21 21:14:53,574 - src.importer.importer - INFO -       ✓ Topic aangemaakt: Todo
2026-01-21 21:14:53,580 - src.importer.importer - INFO -   ✓ Topic aangemaakt: Quick scan verzoek
2026-01-21 21:14:53,583 - src.importer.importer - INFO -     ✓ Topic aangemaakt: Stap 1– Check op vermogensbestanddelen
2026-01-21 21:14:53,586 - src.importer.importer - INFO -       ✓ Topic aangemaakt: Check op vermogensbestanddelen
2026-01-21 21:14:53,587 - src.importer.importer - INFO - Import succesvol voltooid
2026-01-21 21:14:53,587 - __main__ - INFO - 
Export van alle content...
2026-01-21 21:14:53,591 - __main__ - INFO - ✓ Export opgeslagen: C:\Users\arieb\CascadeProjects\digitalecoach_client\log\export_20260121_211453.json
2026-01-21 21:14:53,591 - __main__ - INFO - 
======================================================================
2026-01-21 21:14:53,591 - __main__ - INFO - IMPORT SUCCESVOL VOLTOOID!
2026-01-21 21:14:53,591 - __main__ - INFO - ======================================================================
2026-01-21 21:14:53,591 - __main__ - INFO - Log file: C:\Users\arieb\CascadeProjects\digitalecoach_client\log\import_20260121_211453.log
2026-01-21 21:14:53,591 - __main__ - INFO - Export file: C:\Users\arieb\CascadeProjects\digitalecoach_client\log\export_20260121_211453.json
2026-01-21 21:14:53,591 - __main__ - INFO - Topics geïmporteerd: 14
2026-01-21 21:14:53,591 - __main__ - INFO - ======================================================================
