2026-01-21 22:06:17,246 - __main__ - INFO - ======================================================================
2026-01-21 22:06:17,246 - __main__ - INFO - IMPORT WORKFLOW GESTART
2026-01-21 22:06:17,246 - __main__ - INFO - ======================================================================
2026-01-21 22:06:17,247 - __main__ - INFO - ✓ Proces geladen: procesbeschrijving/process_sanering.json
2026-01-21 22:06:17,248 - __main__ - INFO - ✓ Schema gevalideerd: procesbeschrijving/process_schema.json
2026-01-21 22:06:17,248 - src.importer.mapper - INFO - Proces gemapt: proces-sanering - Sanering
2026-01-21 22:06:17,249 - src.importer.mapper - INFO - ✓ Proces gemapt naar 1 root topic met 2 kinderen
2026-01-21 22:06:17,250 - root - INFO - Controleren of proces 'proces-sanering' al bestaat...
2026-01-21 22:06:17,256 - root - INFO - Proces 'proces-sanering' gevonden. Verwijderen inclusief alle child topics...
2026-01-21 22:06:17,294 - root - INFO - ✓ Proces 'proces-sanering' en alle child topics succesvol verwijderd
2026-01-21 22:06:17,294 - src.importer.importer - INFO - Import gestart van 1 root topic(s)
2026-01-21 22:06:17,297 - src.importer.importer - INFO - ✓ Topic aangemaakt: Sanering
2026-01-21 22:06:17,300 - src.importer.importer - INFO -   ✓ Topic aangemaakt: Selecteer Zaak
2026-01-21 22:06:17,306 - src.importer.importer - INFO -     ✓ Topic aangemaakt: Stap 1 – Open postbak in WAB
2026-01-21 22:06:17,310 - src.importer.importer - INFO -       ✓ Topic aangemaakt: Ga naar de WAB-Post omgeving
2026-01-21 22:06:17,315 - src.importer.importer - INFO -     ✓ Topic aangemaakt: Stap 2 – Selecteer alleen kwijtscheldings / saneringsverzoeken
2026-01-21 22:06:17,318 - src.importer.importer - INFO -       ✓ Topic aangemaakt: Todo
2026-01-21 22:06:17,323 - src.importer.importer - INFO -       ✓ Topic aangemaakt: Todo
2026-01-21 22:06:17,327 - src.importer.importer - INFO -     ✓ Topic aangemaakt: Stap 3 – In behandeling nemen poststuk saneringen
2026-01-21 22:06:17,330 - src.importer.importer - INFO -       ✓ Topic aangemaakt: Todo
2026-01-21 22:06:17,334 - src.importer.importer - INFO -     ✓ Topic aangemaakt: Stap 4 – Controleer taken op je naam
2026-01-21 22:06:17,337 - src.importer.importer - INFO -       ✓ Topic aangemaakt: Todo
2026-01-21 22:06:17,341 - src.importer.importer - INFO -   ✓ Topic aangemaakt: Quick scan verzoek
2026-01-21 22:06:17,344 - src.importer.importer - INFO -     ✓ Topic aangemaakt: Stap 1– Check op vermogensbestanddelen
2026-01-21 22:06:17,347 - src.importer.importer - INFO -       ✓ Topic aangemaakt: Check op vermogensbestanddelen
2026-01-21 22:06:17,348 - src.importer.importer - INFO - Import succesvol voltooid
2026-01-21 22:06:17,348 - __main__ - INFO - 
Export van alle content...
2026-01-21 22:06:17,353 - __main__ - INFO - ✓ Export opgeslagen: C:\Users\arieb\CascadeProjects\digitalecoach_client\log\export_20260121_220617.json
2026-01-21 22:06:17,353 - __main__ - INFO - 
======================================================================
2026-01-21 22:06:17,353 - __main__ - INFO - IMPORT SUCCESVOL VOLTOOID!
2026-01-21 22:06:17,353 - __main__ - INFO - ======================================================================
2026-01-21 22:06:17,353 - __main__ - INFO - Log file: C:\Users\arieb\CascadeProjects\digitalecoach_client\log\import_20260121_220617.log
2026-01-21 22:06:17,353 - __main__ - INFO - Export file: C:\Users\arieb\CascadeProjects\digitalecoach_client\log\export_20260121_220617.json
2026-01-21 22:06:17,353 - __main__ - INFO - Topics geïmporteerd: 14
2026-01-21 22:06:17,353 - __main__ - INFO - ======================================================================
