2026-01-21 21:00:08,498 - __main__ - INFO - ======================================================================
2026-01-21 21:00:08,498 - __main__ - INFO - IMPORT WORKFLOW GESTART
2026-01-21 21:00:08,498 - __main__ - INFO - ======================================================================
2026-01-21 21:00:08,499 - __main__ - INFO - ✓ Proces geladen: procesbeschrijving/process_sanering.json
2026-01-21 21:00:08,500 - __main__ - INFO - ✓ Schema gevalideerd: procesbeschrijving/process_schema.json
2026-01-21 21:00:08,500 - importer.mapper - INFO - Proces gemapt: proces-sanering - Sanering
2026-01-21 21:00:08,510 - importer.mapper - INFO - ✓ Proces gemapt naar 1 root topic met 2 kinderen
2026-01-21 21:00:08,512 - root - INFO - Controleren of proces 'proces-sanering' al bestaat...
2026-01-21 21:00:08,517 - root - INFO - Proces 'proces-sanering' gevonden. Verwijderen inclusief alle child topics...
2026-01-21 21:00:08,557 - root - INFO - ✓ Proces 'proces-sanering' en alle child topics succesvol verwijderd
2026-01-21 21:00:08,557 - importer.importer - INFO - Import gestart van 1 root topic(s)
2026-01-21 21:00:08,560 - importer.importer - INFO - ✓ Topic aangemaakt: Sanering
2026-01-21 21:00:08,564 - importer.importer - INFO -   ✓ Topic aangemaakt: Selecteer Zaak
2026-01-21 21:00:08,566 - importer.importer - INFO -     ✓ Topic aangemaakt: Stap 1 – Open postbak in WAB
2026-01-21 21:00:08,569 - importer.importer - INFO -       ✓ Topic aangemaakt: Ga naar de WAB-Post omgeving
2026-01-21 21:00:08,573 - importer.importer - INFO -     ✓ Topic aangemaakt: Stap 2 – Selecteer alleen kwijtscheldings / saneringsverzoeken
2026-01-21 21:00:08,577 - importer.importer - INFO -       ✓ Topic aangemaakt: Todo
2026-01-21 21:00:08,583 - importer.importer - INFO -       ✓ Topic aangemaakt: Todo
2026-01-21 21:00:08,588 - importer.importer - INFO -     ✓ Topic aangemaakt: Stap 3 – In behandeling nemen poststuk saneringen
2026-01-21 21:00:08,591 - importer.importer - INFO -       ✓ Topic aangemaakt: Todo
2026-01-21 21:00:08,596 - importer.importer - INFO -     ✓ Topic aangemaakt: Stap 4 – Controleer taken op je naam
2026-01-21 21:00:08,599 - importer.importer - INFO -       ✓ Topic aangemaakt: Todo
2026-01-21 21:00:08,603 - importer.importer - INFO -   ✓ Topic aangemaakt: Quick scan verzoek
2026-01-21 21:00:08,606 - importer.importer - INFO -     ✓ Topic aangemaakt: Stap 1– Check op vermogensbestanddelen
2026-01-21 21:00:08,609 - importer.importer - INFO -       ✓ Topic aangemaakt: Check op vermogensbestanddelen
2026-01-21 21:00:08,611 - importer.importer - INFO - Import succesvol voltooid
2026-01-21 21:00:08,611 - __main__ - INFO - 
Export van alle content...
2026-01-21 21:00:08,616 - __main__ - INFO - ✓ Export opgeslagen: C:\Users\arieb\CascadeProjects\digitalecoach_client\log\export_20260121_210008.json
2026-01-21 21:00:08,616 - __main__ - INFO - 
======================================================================
2026-01-21 21:00:08,616 - __main__ - INFO - IMPORT SUCCESVOL VOLTOOID!
2026-01-21 21:00:08,616 - __main__ - INFO - ======================================================================
2026-01-21 21:00:08,616 - __main__ - INFO - Log file: C:\Users\arieb\CascadeProjects\digitalecoach_client\log\import_20260121_210008.log
2026-01-21 21:00:08,616 - __main__ - INFO - Export file: C:\Users\arieb\CascadeProjects\digitalecoach_client\log\export_20260121_210008.json
2026-01-21 21:00:08,616 - __main__ - INFO - Topics geïmporteerd: 14
2026-01-21 21:00:08,616 - __main__ - INFO - ======================================================================
